<?xml version="1.0" encoding="UTF-8"?>
<!-- Generated by org.testng.reporters.JUnitXMLReporter -->
<testsuite ignored="0" hostname="KSK-PC" failures="0" tests="4" name="Default test" time="9.681" errors="0" timestamp="2024-07-30T23:57:48 IST">
  <testcase classname="api.test.DDTests" name="testPostuser" time="3.571"/>
  <testcase classname="api.test.DDTests" name="testPostuser" time="1.202"/>
  <testcase classname="api.test.DDTests" name="testDeleteUserByName" time="1.272"/>
  <testcase classname="api.test.DDTests" name="testDeleteUserByName" time="1.189"/>
</testsuite> <!-- Default test -->
