<?xml version="1.0" encoding="UTF-8"?>
<testng-results skipped="0" failed="0" ignored="0" total="4" passed="4">
  <reporter-output>
  </reporter-output>
  <suite name="PetSuite" duration-ms="10520" started-at="2024-08-01T08:54:49 IST" finished-at="2024-08-01T08:55:00 IST">
    <groups>
    </groups>
    <test name="PetTests" duration-ms="10520" started-at="2024-08-01T08:54:49 IST" finished-at="2024-08-01T08:55:00 IST">
      <class name="api.test.DDTests">
        <test-method status="PASS" signature="testPostuser(java.lang.String,java.lang.String,java.lang.String,java.lang.String,java.lang.String,java.lang.String,java.lang.String)[pri:1, instance:api.test.DDTests@78e67e0a]" name="testPostuser" duration-ms="3876" started-at="2024-08-01T08:54:52 IST" data-provider="Data" finished-at="2024-08-01T08:54:56 IST">
          <params>
            <param index="0">
              <value>
                <![CDATA[1010]]>
              </value>
            </param>
            <param index="1">
              <value>
                <![CDATA[testuser1]]>
              </value>
            </param>
            <param index="2">
              <value>
                <![CDATA[John]]>
              </value>
            </param>
            <param index="3">
              <value>
                <![CDATA[Canedy]]>
              </value>
            </param>
            <param index="4">
              <value>
                <![CDATA[a@gmail.com]]>
              </value>
            </param>
            <param index="5">
              <value>
                <![CDATA[test@1]]>
              </value>
            </param>
            <param index="6">
              <value>
                <![CDATA[545555666]]>
              </value>
            </param>
          </params>
          <reporter-output>
          </reporter-output>
        </test-method> <!-- testPostuser -->
        <test-method status="PASS" signature="testPostuser(java.lang.String,java.lang.String,java.lang.String,java.lang.String,java.lang.String,java.lang.String,java.lang.String)[pri:1, instance:api.test.DDTests@78e67e0a]" name="testPostuser" duration-ms="1338" started-at="2024-08-01T08:54:56 IST" data-provider="Data" finished-at="2024-08-01T08:54:57 IST">
          <params>
            <param index="0">
              <value>
                <![CDATA[1020]]>
              </value>
            </param>
            <param index="1">
              <value>
                <![CDATA[testuser2]]>
              </value>
            </param>
            <param index="2">
              <value>
                <![CDATA[Kim]]>
              </value>
            </param>
            <param index="3">
              <value>
                <![CDATA[Kom]]>
              </value>
            </param>
            <param index="4">
              <value>
                <![CDATA[a@gmail.com]]>
              </value>
            </param>
            <param index="5">
              <value>
                <![CDATA[test@2]]>
              </value>
            </param>
            <param index="6">
              <value>
                <![CDATA[123467895]]>
              </value>
            </param>
          </params>
          <reporter-output>
          </reporter-output>
        </test-method> <!-- testPostuser -->
        <test-method status="PASS" signature="testDeleteUserByName(java.lang.String)[pri:2, instance:api.test.DDTests@78e67e0a]" name="testDeleteUserByName" duration-ms="1290" started-at="2024-08-01T08:54:57 IST" data-provider="UserNames" finished-at="2024-08-01T08:54:58 IST">
          <params>
            <param index="0">
              <value>
                <![CDATA[testuser1]]>
              </value>
            </param>
          </params>
          <reporter-output>
          </reporter-output>
        </test-method> <!-- testDeleteUserByName -->
        <test-method status="PASS" signature="testDeleteUserByName(java.lang.String)[pri:2, instance:api.test.DDTests@78e67e0a]" name="testDeleteUserByName" duration-ms="1236" started-at="2024-08-01T08:54:58 IST" data-provider="UserNames" finished-at="2024-08-01T08:55:00 IST">
          <params>
            <param index="0">
              <value>
                <![CDATA[testuser2]]>
              </value>
            </param>
          </params>
          <reporter-output>
          </reporter-output>
        </test-method> <!-- testDeleteUserByName -->
      </class> <!-- api.test.DDTests -->
    </test> <!-- PetTests -->
  </suite> <!-- PetSuite -->
</testng-results>
