<?xml version="1.0" encoding="UTF-8"?>
<testsuite xmlns:xsi="http://www.w3.org/2001/XMLSchema-instance" xsi:noNamespaceSchemaLocation="https://maven.apache.org/surefire/maven-surefire-plugin/xsd/surefire-test-report.xsd" version="3.0.2" name="TestSuite" time="12.138" tests="4" errors="0" skipped="0" failures="0">
  <properties>
[...]
</properties>
  <testcase name="testPostuser[1010, testuser1, John, Canedy, a@gmail.com, test@1, 545555666](1)" classname="api.test.DDTests" time="3.911"/>
  <testcase name="testPostuser[1020, testuser2, Kim, Kom, a@gmail.com, test@2, 123467895](2)" classname="api.test.DDTests" time="1.33"/>
  <testcase name="testDeleteUserByName[testuser1](1)" classname="api.test.DDTests" time="1.29"/>
  <testcase name="testDeleteUserByName[testuser2](2)" classname="api.test.DDTests" time="1.236"/>
</testsuite>