<?xml version="1.0" encoding="UTF-8"?>
<!-- Generated by org.testng.reporters.JUnitXMLReporter -->
<testsuite hostname="KSK-PC" ignored="0" name="PetTests" tests="4" failures="0" timestamp="2024-08-01T08:55:01 IST" time="10.52" errors="0">
  <testcase name="testPostuser" time="3.876" classname="api.test.DDTests"/>
  <testcase name="testPostuser" time="1.338" classname="api.test.DDTests"/>
  <testcase name="testDeleteUserByName" time="1.29" classname="api.test.DDTests"/>
  <testcase name="testDeleteUserByName" time="1.236" classname="api.test.DDTests"/>
</testsuite> <!-- PetTests -->
