<?xml version="1.0" encoding="UTF-8"?>
<!-- Generated by org.testng.reporters.JUnitXMLReporter -->
<testsuite ignored="0" hostname="KSK-PC" failures="0" tests="4" name="PetTests" time="10.959" errors="0" timestamp="2024-07-31T21:09:26 IST">
  <testcase classname="api.test.DDTests" name="testPostuser" time="4.15"/>
  <testcase classname="api.test.DDTests" name="testPostuser" time="1.163"/>
  <testcase classname="api.test.DDTests" name="testDeleteUserByName" time="1.314"/>
  <testcase classname="api.test.DDTests" name="testDeleteUserByName" time="1.225"/>
</testsuite> <!-- PetTests -->
